2022-04-15 05:06:54 ERROR GlobalExceptionHandler:17 - JSON parse error: Cannot deserialize value of type `java.time.LocalDate` from String "1999-08--": Failed to deserialize java.time.LocalDate: (java.time.format.DateTimeParseException) Text '1999-08--' could not be parsed at index 8; nested exception is com.fasterxml.jackson.databind.exc.InvalidFormatException: Cannot deserialize value of type `java.time.LocalDate` from String "1999-08--": Failed to deserialize java.time.LocalDate: (java.time.format.DateTimeParseException) Text '1999-08--' could not be parsed at index 8
 at [Source: (org.springframework.util.StreamUtils$NonClosingInputStream); line: 6, column: 22] (through reference chain: clinica.consultorio.dto.PatientDTO["admissionDate"])
  2022-04-15 05:21:46 INFO  DentistController:34 - Dentist con el id 1 creado en la base de datos
  2022-04-15 05:21:49 ERROR GlobalExceptionHandler:17 - could not execute statement; SQL [n/a]; constraint [FK8EXAP5WMG8KMB1G1RX3BY21YT]; nested exception is org.hibernate.exception.ConstraintViolationException: could not execute statement
  2022-04-15 05:21:54 INFO  PatientController:36 - Patient con el id 1 creado en la base de datos
  2022-04-15 05:21:59 INFO  AppointmentController:41 - Appointment con el id 2 creado en la base de datos
  2022-04-15 05:22:08 ERROR GlobalExceptionHandler:17 - ModelMapper mapping errors:

1) Error mapping clinica.consultorio.entidades.Appointment to clinica.consultorio.dto.AppointmentDTO

1 error
  2022-04-15 05:22:30 ERROR GlobalExceptionHandler:17 - ModelMapper mapping errors:

1) Error mapping clinica.consultorio.entidades.Appointment to clinica.consultorio.dto.AppointmentDTO

1 error
  2022-04-15 05:22:32 INFO  AppointmentController:34 - Appointment con el id 2 buscado en la base de datos
  2022-04-15 05:22:44 WARN  AppointmentController:48 - Se intenta borrar el Appointment con el id 1 en la base de datos
  2022-04-15 05:22:48 WARN  AppointmentController:48 - Se intenta borrar el Appointment con el id 2 en la base de datos
  2022-04-15 05:22:52 ERROR GlobalExceptionHandler:17 - ModelMapper mapping errors:

1) Error mapping clinica.consultorio.entidades.Appointment to clinica.consultorio.dto.AppointmentDTO

1 error
  2022-04-15 05:22:57 WARN  PatientController:43 - Se intenta borrar el Patient con el id 11 en la base de datos
  2022-04-15 05:23:00 WARN  DentistController:41 - Se intenta borrar el Dentist con el id 3 en la base de datos
  2022-04-15 18:03:57 INFO  DentistController:34 - Dentist con el id 1 creado en la base de datos
  2022-04-15 18:04:01 INFO  PatientController:36 - Patient con el id 1 creado en la base de datos
  2022-04-15 18:04:07 INFO  AppointmentController:41 - Appointment con el id 1 creado en la base de datos
  2022-04-15 18:04:20 INFO  AppointmentController:34 - Appointment con el id 1 buscado en la base de datos
  2022-04-15 19:26:59 INFO  DentistController:34 - Dentist con el id 1 creado en la base de datos
  2022-04-15 19:27:02 INFO  PatientController:36 - Patient con el id 1 creado en la base de datos
  2022-04-15 19:27:04 INFO  AppointmentController:41 - Appointment con el id 1 creado en la base de datos
  2022-04-15 19:48:09 INFO  DentistController:56 - Se intenta buscar la lista completa de Dentists en la base de datos
  2022-04-15 19:48:09 INFO  DentistController:56 - Se intenta buscar la lista completa de Dentists en la base de datos
  2022-04-15 19:48:09 INFO  DentistController:56 - Se intenta buscar la lista completa de Dentists en la base de datos
  2022-04-15 19:48:09 INFO  DentistController:56 - Se intenta buscar la lista completa de Dentists en la base de datos
  2022-04-15 19:48:53 INFO  DentistController:34 - Dentist con el id 2 creado en la base de datos
2022-04-15 21:25:13 INFO  DentistController:61 - Se intenta buscar la lista completa de Dentists en la base de datos
  2022-04-15 21:25:13 INFO  DentistController:61 - Se intenta buscar la lista completa de Dentists en la base de datos
  2022-04-15 21:25:13 INFO  DentistController:61 - Se intenta buscar la lista completa de Dentists en la base de datos
  2022-04-15 21:25:13 INFO  DentistController:61 - Se intenta buscar la lista completa de Dentists en la base de datos
  2022-04-15 21:25:13 INFO  DentistController:61 - Se intenta buscar la lista completa de Dentists en la base de datos
  2022-04-15 21:25:17 INFO  DentistController:61 - Se intenta buscar la lista completa de Dentists en la base de datos
  2022-04-15 21:25:17 INFO  DentistController:61 - Se intenta buscar la lista completa de Dentists en la base de datos
  2022-04-15 21:25:17 INFO  DentistController:61 - Se intenta buscar la lista completa de Dentists en la base de datos
  2022-04-15 21:25:17 INFO  DentistController:61 - Se intenta buscar la lista completa de Dentists en la base de datos
  2022-04-15 21:25:27 INFO  DentistController:61 - Se intenta buscar la lista completa de Dentists en la base de datos
  2022-04-15 21:25:27 INFO  DentistController:61 - Se intenta buscar la lista completa de Dentists en la base de datos
  2022-04-15 21:25:27 INFO  DentistController:61 - Se intenta buscar la lista completa de Dentists en la base de datos
  2022-04-15 21:25:38 INFO  DentistController:61 - Se intenta buscar la lista completa de Dentists en la base de datos
  2022-04-15 21:25:43 INFO  DentistController:61 - Se intenta buscar la lista completa de Dentists en la base de datos
  2022-04-15 21:25:43 INFO  DentistController:61 - Se intenta buscar la lista completa de Dentists en la base de datos
  2022-04-15 21:25:45 INFO  DentistController:61 - Se intenta buscar la lista completa de Dentists en la base de datos
  2022-04-15 21:25:45 INFO  DentistController:61 - Se intenta buscar la lista completa de Dentists en la base de datos
  2022-04-15 21:25:45 INFO  DentistController:61 - Se intenta buscar la lista completa de Dentists en la base de datos
  2022-04-15 21:25:45 INFO  DentistController:61 - Se intenta buscar la lista completa de Dentists en la base de datos
  2022-04-15 21:26:27 INFO  DentistController:61 - Se intenta buscar la lista completa de Dentists en la base de datos
  2022-04-15 21:26:29 INFO  DentistController:61 - Se intenta buscar la lista completa de Dentists en la base de datos
  2022-04-15 21:26:38 INFO  DentistController:61 - Se intenta buscar la lista completa de Dentists en la base de datos
  2022-04-15 21:26:38 INFO  DentistController:61 - Se intenta buscar la lista completa de Dentists en la base de datos
  2022-04-15 21:26:38 INFO  DentistController:61 - Se intenta buscar la lista completa de Dentists en la base de datos
  2022-04-15 21:26:38 INFO  DentistController:61 - Se intenta buscar la lista completa de Dentists en la base de datos
2022-04-16 02:36:10 INFO  DentistController:61 - Se intenta buscar la lista completa de Dentists en la base de datos
  2022-04-16 02:36:10 INFO  DentistController:61 - Se intenta buscar la lista completa de Dentists en la base de datos
  2022-04-16 02:36:14 INFO  DentistController:61 - Se intenta buscar la lista completa de Dentists en la base de datos
  2022-04-16 02:36:14 INFO  DentistController:61 - Se intenta buscar la lista completa de Dentists en la base de datos
  2022-04-16 02:36:52 INFO  DentistController:61 - Se intenta buscar la lista completa de Dentists en la base de datos
  2022-04-16 02:36:52 INFO  DentistController:61 - Se intenta buscar la lista completa de Dentists en la base de datos
  2022-04-16 02:38:31 INFO  DentistController:61 - Se intenta buscar la lista completa de Dentists en la base de datos
  2022-04-16 02:38:31 INFO  DentistController:61 - Se intenta buscar la lista completa de Dentists en la base de datos
  2022-04-16 02:38:38 INFO  DentistController:36 - Dentist con el id 12 creado en la base de datos
  2022-04-16 02:38:45 INFO  DentistController:61 - Se intenta buscar la lista completa de Dentists en la base de datos
  2022-04-16 02:38:45 INFO  DentistController:61 - Se intenta buscar la lista completa de Dentists en la base de datos
  2022-04-16 02:39:20 INFO  DentistController:61 - Se intenta buscar la lista completa de Dentists en la base de datos
  2022-04-16 02:39:20 INFO  DentistController:61 - Se intenta buscar la lista completa de Dentists en la base de datos
  2022-04-16 02:39:33 INFO  DentistController:36 - Dentist con el id 13 creado en la base de datos
  2022-04-16 02:39:55 INFO  DentistController:36 - Dentist con el id 14 creado en la base de datos
  2022-04-16 02:39:55 INFO  DentistController:61 - Se intenta buscar la lista completa de Dentists en la base de datos
  2022-04-16 02:40:20 INFO  DentistController:36 - Dentist con el id 15 creado en la base de datos
  2022-04-16 02:40:20 INFO  DentistController:61 - Se intenta buscar la lista completa de Dentists en la base de datos
  2022-04-16 02:40:24 INFO  DentistController:36 - Dentist con el id 16 creado en la base de datos
  2022-04-16 02:40:24 INFO  DentistController:61 - Se intenta buscar la lista completa de Dentists en la base de datos
  2022-04-16 02:41:39 INFO  DentistController:61 - Se intenta buscar la lista completa de Dentists en la base de datos
  2022-04-16 02:41:39 INFO  DentistController:61 - Se intenta buscar la lista completa de Dentists en la base de datos
  2022-04-16 02:41:44 INFO  DentistController:61 - Se intenta buscar la lista completa de Dentists en la base de datos
  2022-04-16 02:41:44 INFO  DentistController:61 - Se intenta buscar la lista completa de Dentists en la base de datos
  2022-04-16 02:42:32 INFO  DentistController:61 - Se intenta buscar la lista completa de Dentists en la base de datos
  2022-04-16 02:42:32 INFO  DentistController:61 - Se intenta buscar la lista completa de Dentists en la base de datos
  2022-04-16 02:42:49 INFO  DentistController:61 - Se intenta buscar la lista completa de Dentists en la base de datos
  2022-04-16 02:42:49 INFO  DentistController:61 - Se intenta buscar la lista completa de Dentists en la base de datos
  2022-04-16 02:43:23 INFO  DentistController:61 - Se intenta buscar la lista completa de Dentists en la base de datos
  2022-04-16 02:43:23 INFO  DentistController:61 - Se intenta buscar la lista completa de Dentists en la base de datos
  2022-04-16 02:44:40 WARN  DentistController:44 - Se intenta borrar el Dentist con el id 3 en la base de datos
  2022-04-16 02:44:40 INFO  DentistController:61 - Se intenta buscar la lista completa de Dentists en la base de datos
  2022-04-16 02:44:51 WARN  DentistController:44 - Se intenta borrar el Dentist con el id 7 en la base de datos
  2022-04-16 02:44:51 INFO  DentistController:61 - Se intenta buscar la lista completa de Dentists en la base de datos
  2022-04-16 02:47:52 INFO  DentistController:61 - Se intenta buscar la lista completa de Dentists en la base de datos
  2022-04-16 02:47:52 INFO  DentistController:61 - Se intenta buscar la lista completa de Dentists en la base de datos
  2022-04-16 02:48:07 INFO  DentistController:36 - Dentist con el id 17 creado en la base de datos
  2022-04-16 02:48:07 INFO  DentistController:61 - Se intenta buscar la lista completa de Dentists en la base de datos
  2022-04-16 02:48:09 INFO  DentistController:36 - Dentist con el id 18 creado en la base de datos
  2022-04-16 02:48:09 INFO  DentistController:61 - Se intenta buscar la lista completa de Dentists en la base de datos
  2022-04-16 02:48:14 INFO  DentistController:36 - Dentist con el id 19 creado en la base de datos
  2022-04-16 02:48:14 INFO  DentistController:61 - Se intenta buscar la lista completa de Dentists en la base de datos
  2022-04-16 02:48:18 INFO  DentistController:36 - Dentist con el id 20 creado en la base de datos
  2022-04-16 02:48:18 INFO  DentistController:61 - Se intenta buscar la lista completa de Dentists en la base de datos
  2022-04-16 02:48:42 INFO  DentistController:36 - Dentist con el id 21 creado en la base de datos
  2022-04-16 02:48:42 INFO  DentistController:61 - Se intenta buscar la lista completa de Dentists en la base de datos
  2022-04-16 02:48:43 INFO  DentistController:36 - Dentist con el id 22 creado en la base de datos
  2022-04-16 02:48:43 INFO  DentistController:61 - Se intenta buscar la lista completa de Dentists en la base de datos
  2022-04-16 02:51:31 INFO  DentistController:36 - Dentist con el id 23 creado en la base de datos
  2022-04-16 02:51:31 INFO  DentistController:61 - Se intenta buscar la lista completa de Dentists en la base de datos
  2022-04-16 02:51:58 INFO  DentistController:61 - Se intenta buscar la lista completa de Dentists en la base de datos
  2022-04-16 02:51:58 INFO  DentistController:61 - Se intenta buscar la lista completa de Dentists en la base de datos
  2022-04-16 02:52:02 INFO  DentistController:36 - Dentist con el id 24 creado en la base de datos
  2022-04-16 02:52:03 INFO  DentistController:61 - Se intenta buscar la lista completa de Dentists en la base de datos
  2022-04-16 02:52:20 INFO  DentistController:61 - Se intenta buscar la lista completa de Dentists en la base de datos
  2022-04-16 02:52:20 INFO  DentistController:61 - Se intenta buscar la lista completa de Dentists en la base de datos
  2022-04-16 02:52:22 WARN  DentistController:44 - Se intenta borrar el Dentist con el id 8 en la base de datos
  2022-04-16 02:52:22 INFO  DentistController:61 - Se intenta buscar la lista completa de Dentists en la base de datos
  2022-04-16 02:52:23 WARN  DentistController:44 - Se intenta borrar el Dentist con el id 9 en la base de datos
  2022-04-16 02:52:23 INFO  DentistController:61 - Se intenta buscar la lista completa de Dentists en la base de datos
  2022-04-16 02:52:23 WARN  DentistController:44 - Se intenta borrar el Dentist con el id 10 en la base de datos
  2022-04-16 02:52:23 INFO  DentistController:61 - Se intenta buscar la lista completa de Dentists en la base de datos
  2022-04-16 02:52:23 WARN  DentistController:44 - Se intenta borrar el Dentist con el id 11 en la base de datos
  2022-04-16 02:52:23 INFO  DentistController:61 - Se intenta buscar la lista completa de Dentists en la base de datos
  2022-04-16 02:52:23 WARN  DentistController:44 - Se intenta borrar el Dentist con el id 12 en la base de datos
  2022-04-16 02:52:23 INFO  DentistController:61 - Se intenta buscar la lista completa de Dentists en la base de datos
  2022-04-16 02:52:23 WARN  DentistController:44 - Se intenta borrar el Dentist con el id 13 en la base de datos
  2022-04-16 02:52:23 INFO  DentistController:61 - Se intenta buscar la lista completa de Dentists en la base de datos
  2022-04-16 02:52:24 WARN  DentistController:44 - Se intenta borrar el Dentist con el id 14 en la base de datos
  2022-04-16 02:52:24 INFO  DentistController:61 - Se intenta buscar la lista completa de Dentists en la base de datos
  2022-04-16 02:52:24 WARN  DentistController:44 - Se intenta borrar el Dentist con el id 15 en la base de datos
  2022-04-16 02:52:24 INFO  DentistController:61 - Se intenta buscar la lista completa de Dentists en la base de datos
  2022-04-16 02:52:24 WARN  DentistController:44 - Se intenta borrar el Dentist con el id 16 en la base de datos
  2022-04-16 02:52:24 INFO  DentistController:61 - Se intenta buscar la lista completa de Dentists en la base de datos
  2022-04-16 02:52:24 WARN  DentistController:44 - Se intenta borrar el Dentist con el id 17 en la base de datos
  2022-04-16 02:52:24 INFO  DentistController:61 - Se intenta buscar la lista completa de Dentists en la base de datos
  2022-04-16 02:52:24 WARN  DentistController:44 - Se intenta borrar el Dentist con el id 18 en la base de datos
  2022-04-16 02:52:25 INFO  DentistController:61 - Se intenta buscar la lista completa de Dentists en la base de datos
  2022-04-16 02:52:25 WARN  DentistController:44 - Se intenta borrar el Dentist con el id 19 en la base de datos
  2022-04-16 02:52:25 INFO  DentistController:61 - Se intenta buscar la lista completa de Dentists en la base de datos
  2022-04-16 02:52:25 WARN  DentistController:44 - Se intenta borrar el Dentist con el id 20 en la base de datos
  2022-04-16 02:52:25 INFO  DentistController:61 - Se intenta buscar la lista completa de Dentists en la base de datos
  2022-04-16 02:52:25 WARN  DentistController:44 - Se intenta borrar el Dentist con el id 21 en la base de datos
  2022-04-16 02:52:25 INFO  DentistController:61 - Se intenta buscar la lista completa de Dentists en la base de datos
  2022-04-16 02:52:26 WARN  DentistController:44 - Se intenta borrar el Dentist con el id 22 en la base de datos
  2022-04-16 02:52:26 INFO  DentistController:61 - Se intenta buscar la lista completa de Dentists en la base de datos
  2022-04-16 02:52:28 INFO  DentistController:61 - Se intenta buscar la lista completa de Dentists en la base de datos
  2022-04-16 02:52:28 INFO  DentistController:61 - Se intenta buscar la lista completa de Dentists en la base de datos
  2022-04-16 02:53:21 INFO  DentistController:61 - Se intenta buscar la lista completa de Dentists en la base de datos
  2022-04-16 02:53:21 INFO  DentistController:61 - Se intenta buscar la lista completa de Dentists en la base de datos
  2022-04-16 02:53:57 INFO  DentistController:36 - Dentist con el id 25 creado en la base de datos
  2022-04-16 02:53:57 INFO  DentistController:61 - Se intenta buscar la lista completa de Dentists en la base de datos
  2022-04-16 02:54:07 INFO  DentistController:36 - Dentist con el id 26 creado en la base de datos
  2022-04-16 02:54:07 INFO  DentistController:61 - Se intenta buscar la lista completa de Dentists en la base de datos
  2022-04-16 02:55:18 INFO  DentistController:61 - Se intenta buscar la lista completa de Dentists en la base de datos
  2022-04-16 02:55:18 INFO  DentistController:61 - Se intenta buscar la lista completa de Dentists en la base de datos
  2022-04-16 02:55:24 INFO  DentistController:36 - Dentist con el id 27 creado en la base de datos
  2022-04-16 02:55:24 INFO  DentistController:61 - Se intenta buscar la lista completa de Dentists en la base de datos
  2022-04-16 02:55:28 INFO  DentistController:36 - Dentist con el id 28 creado en la base de datos
  2022-04-16 02:55:28 INFO  DentistController:61 - Se intenta buscar la lista completa de Dentists en la base de datos
  2022-04-16 02:55:35 INFO  DentistController:36 - Dentist con el id 29 creado en la base de datos
  2022-04-16 02:55:35 INFO  DentistController:61 - Se intenta buscar la lista completa de Dentists en la base de datos
  2022-04-16 02:55:43 INFO  DentistController:36 - Dentist con el id 30 creado en la base de datos
  2022-04-16 02:55:43 INFO  DentistController:61 - Se intenta buscar la lista completa de Dentists en la base de datos
  2022-04-16 02:59:11 INFO  DentistController:61 - Se intenta buscar la lista completa de Dentists en la base de datos
  2022-04-16 02:59:11 INFO  DentistController:61 - Se intenta buscar la lista completa de Dentists en la base de datos
  2022-04-16 02:59:35 INFO  DentistController:36 - Dentist con el id 31 creado en la base de datos
  2022-04-16 02:59:35 INFO  DentistController:61 - Se intenta buscar la lista completa de Dentists en la base de datos
  2022-04-16 03:01:59 INFO  DentistController:61 - Se intenta buscar la lista completa de Dentists en la base de datos
  2022-04-16 03:01:59 INFO  DentistController:61 - Se intenta buscar la lista completa de Dentists en la base de datos
  2022-04-16 03:02:29 INFO  DentistController:61 - Se intenta buscar la lista completa de Dentists en la base de datos
  2022-04-16 03:02:29 INFO  DentistController:61 - Se intenta buscar la lista completa de Dentists en la base de datos
  2022-04-16 03:02:31 WARN  DentistController:44 - Se intenta borrar el Dentist con el id 24 en la base de datos
  2022-04-16 03:02:31 INFO  DentistController:61 - Se intenta buscar la lista completa de Dentists en la base de datos
  2022-04-16 03:02:31 WARN  DentistController:44 - Se intenta borrar el Dentist con el id 25 en la base de datos
  2022-04-16 03:02:31 INFO  DentistController:61 - Se intenta buscar la lista completa de Dentists en la base de datos
  2022-04-16 03:02:31 WARN  DentistController:44 - Se intenta borrar el Dentist con el id 26 en la base de datos
  2022-04-16 03:02:31 INFO  DentistController:61 - Se intenta buscar la lista completa de Dentists en la base de datos
  2022-04-16 03:02:31 WARN  DentistController:44 - Se intenta borrar el Dentist con el id 27 en la base de datos
  2022-04-16 03:02:31 INFO  DentistController:61 - Se intenta buscar la lista completa de Dentists en la base de datos
  2022-04-16 03:02:31 WARN  DentistController:44 - Se intenta borrar el Dentist con el id 28 en la base de datos
  2022-04-16 03:02:31 INFO  DentistController:61 - Se intenta buscar la lista completa de Dentists en la base de datos
  2022-04-16 03:03:20 INFO  DentistController:61 - Se intenta buscar la lista completa de Dentists en la base de datos
  2022-04-16 03:03:20 INFO  DentistController:61 - Se intenta buscar la lista completa de Dentists en la base de datos
  2022-04-16 03:04:05 INFO  DentistController:61 - Se intenta buscar la lista completa de Dentists en la base de datos
  2022-04-16 03:04:05 INFO  DentistController:61 - Se intenta buscar la lista completa de Dentists en la base de datos
  2022-04-16 03:04:12 INFO  DentistController:61 - Se intenta buscar la lista completa de Dentists en la base de datos
  2022-04-16 03:04:12 INFO  DentistController:61 - Se intenta buscar la lista completa de Dentists en la base de datos
  2022-04-16 03:04:30 INFO  DentistController:61 - Se intenta buscar la lista completa de Dentists en la base de datos
  2022-04-16 03:04:30 INFO  DentistController:61 - Se intenta buscar la lista completa de Dentists en la base de datos
  2022-04-16 03:05:22 INFO  DentistController:61 - Se intenta buscar la lista completa de Dentists en la base de datos
  2022-04-16 03:05:22 INFO  DentistController:61 - Se intenta buscar la lista completa de Dentists en la base de datos
  2022-04-16 03:05:25 INFO  DentistController:61 - Se intenta buscar la lista completa de Dentists en la base de datos
  2022-04-16 03:05:25 INFO  DentistController:61 - Se intenta buscar la lista completa de Dentists en la base de datos
  2022-04-16 03:05:26 INFO  DentistController:61 - Se intenta buscar la lista completa de Dentists en la base de datos
  2022-04-16 03:05:26 INFO  DentistController:61 - Se intenta buscar la lista completa de Dentists en la base de datos
  2022-04-16 03:06:20 INFO  DentistController:61 - Se intenta buscar la lista completa de Dentists en la base de datos
  2022-04-16 03:06:20 INFO  DentistController:61 - Se intenta buscar la lista completa de Dentists en la base de datos
  2022-04-16 03:06:28 INFO  DentistController:36 - Dentist con el id 32 creado en la base de datos
  2022-04-16 03:06:28 INFO  DentistController:61 - Se intenta buscar la lista completa de Dentists en la base de datos
  2022-04-16 03:07:32 INFO  DentistController:61 - Se intenta buscar la lista completa de Dentists en la base de datos
  2022-04-16 03:07:32 INFO  DentistController:61 - Se intenta buscar la lista completa de Dentists en la base de datos
  2022-04-16 03:07:35 INFO  DentistController:61 - Se intenta buscar la lista completa de Dentists en la base de datos
  2022-04-16 03:07:35 INFO  DentistController:61 - Se intenta buscar la lista completa de Dentists en la base de datos
  2022-04-16 03:07:38 INFO  DentistController:61 - Se intenta buscar la lista completa de Dentists en la base de datos
  2022-04-16 03:07:38 INFO  DentistController:61 - Se intenta buscar la lista completa de Dentists en la base de datos
  2022-04-16 03:07:40 INFO  DentistController:61 - Se intenta buscar la lista completa de Dentists en la base de datos
  2022-04-16 03:07:40 INFO  DentistController:61 - Se intenta buscar la lista completa de Dentists en la base de datos
  2022-04-16 03:07:46 INFO  DentistController:61 - Se intenta buscar la lista completa de Dentists en la base de datos
  2022-04-16 03:07:46 INFO  DentistController:61 - Se intenta buscar la lista completa de Dentists en la base de datos
  2022-04-16 03:07:48 INFO  DentistController:61 - Se intenta buscar la lista completa de Dentists en la base de datos
  2022-04-16 03:07:48 INFO  DentistController:61 - Se intenta buscar la lista completa de Dentists en la base de datos
  2022-04-16 03:07:51 INFO  DentistController:61 - Se intenta buscar la lista completa de Dentists en la base de datos
  2022-04-16 03:07:51 INFO  DentistController:61 - Se intenta buscar la lista completa de Dentists en la base de datos
  2022-04-16 03:07:52 INFO  DentistController:61 - Se intenta buscar la lista completa de Dentists en la base de datos
  2022-04-16 03:07:52 INFO  DentistController:61 - Se intenta buscar la lista completa de Dentists en la base de datos
  2022-04-16 03:07:55 INFO  DentistController:61 - Se intenta buscar la lista completa de Dentists en la base de datos
  2022-04-16 03:07:55 INFO  DentistController:61 - Se intenta buscar la lista completa de Dentists en la base de datos
  2022-04-16 03:07:55 INFO  DentistController:61 - Se intenta buscar la lista completa de Dentists en la base de datos
  2022-04-16 03:07:55 INFO  DentistController:61 - Se intenta buscar la lista completa de Dentists en la base de datos
  2022-04-16 03:09:29 INFO  DentistController:61 - Se intenta buscar la lista completa de Dentists en la base de datos
  2022-04-16 03:09:29 INFO  DentistController:61 - Se intenta buscar la lista completa de Dentists en la base de datos
  2022-04-16 03:09:32 INFO  DentistController:61 - Se intenta buscar la lista completa de Dentists en la base de datos
  2022-04-16 03:09:32 INFO  DentistController:61 - Se intenta buscar la lista completa de Dentists en la base de datos
  2022-04-16 03:09:52 INFO  DentistController:61 - Se intenta buscar la lista completa de Dentists en la base de datos
  2022-04-16 03:09:52 INFO  DentistController:61 - Se intenta buscar la lista completa de Dentists en la base de datos
  2022-04-16 03:11:50 INFO  DentistController:61 - Se intenta buscar la lista completa de Dentists en la base de datos
  2022-04-16 03:11:50 INFO  DentistController:61 - Se intenta buscar la lista completa de Dentists en la base de datos
  2022-04-16 03:13:21 INFO  DentistController:61 - Se intenta buscar la lista completa de Dentists en la base de datos
  2022-04-16 03:14:07 INFO  DentistController:61 - Se intenta buscar la lista completa de Dentists en la base de datos
  2022-04-16 03:14:23 INFO  DentistController:61 - Se intenta buscar la lista completa de Dentists en la base de datos
  2022-04-16 03:15:07 INFO  DentistController:61 - Se intenta buscar la lista completa de Dentists en la base de datos
  2022-04-16 03:15:13 INFO  DentistController:61 - Se intenta buscar la lista completa de Dentists en la base de datos
  2022-04-16 03:15:16 INFO  DentistController:61 - Se intenta buscar la lista completa de Dentists en la base de datos
  2022-04-16 03:15:24 WARN  DentistController:44 - Se intenta borrar el Dentist con el id 23 en la base de datos
  2022-04-16 03:15:24 INFO  DentistController:61 - Se intenta buscar la lista completa de Dentists en la base de datos
  2022-04-16 03:15:43 INFO  DentistController:61 - Se intenta buscar la lista completa de Dentists en la base de datos
  2022-04-16 03:15:44 INFO  DentistController:61 - Se intenta buscar la lista completa de Dentists en la base de datos
  2022-04-16 03:15:57 INFO  DentistController:61 - Se intenta buscar la lista completa de Dentists en la base de datos
  2022-04-16 03:15:59 INFO  DentistController:61 - Se intenta buscar la lista completa de Dentists en la base de datos
  2022-04-16 03:16:01 INFO  DentistController:61 - Se intenta buscar la lista completa de Dentists en la base de datos
  2022-04-16 03:16:02 INFO  DentistController:61 - Se intenta buscar la lista completa de Dentists en la base de datos
  2022-04-16 03:16:05 WARN  DentistController:44 - Se intenta borrar el Dentist con el id 29 en la base de datos
  2022-04-16 03:16:05 INFO  DentistController:61 - Se intenta buscar la lista completa de Dentists en la base de datos
  2022-04-16 03:16:22 INFO  DentistController:61 - Se intenta buscar la lista completa de Dentists en la base de datos
  2022-04-16 03:16:26 WARN  DentistController:44 - Se intenta borrar el Dentist con el id 30 en la base de datos
  2022-04-16 03:16:26 INFO  DentistController:61 - Se intenta buscar la lista completa de Dentists en la base de datos
  2022-04-16 03:16:47 INFO  DentistController:28 - Dentist con el id 31 buscado en la base de datos
  2022-04-16 03:16:47 INFO  DentistController:61 - Se intenta buscar la lista completa de Dentists en la base de datos
  2022-04-16 03:16:47 INFO  DentistController:28 - Dentist con el id 31 buscado en la base de datos
  2022-04-16 03:16:47 INFO  DentistController:61 - Se intenta buscar la lista completa de Dentists en la base de datos
  2022-04-16 03:16:47 INFO  DentistController:61 - Se intenta buscar la lista completa de Dentists en la base de datos
  2022-04-16 03:16:47 INFO  DentistController:61 - Se intenta buscar la lista completa de Dentists en la base de datos
  2022-04-16 03:17:34 INFO  DentistController:28 - Dentist con el id 31 buscado en la base de datos
  2022-04-16 03:17:34 INFO  DentistController:61 - Se intenta buscar la lista completa de Dentists en la base de datos
  2022-04-16 03:17:34 INFO  DentistController:61 - Se intenta buscar la lista completa de Dentists en la base de datos
  2022-04-16 03:18:18 INFO  DentistController:28 - Dentist con el id 31 buscado en la base de datos
  2022-04-16 03:18:18 INFO  DentistController:61 - Se intenta buscar la lista completa de Dentists en la base de datos
  2022-04-16 03:18:18 INFO  DentistController:61 - Se intenta buscar la lista completa de Dentists en la base de datos
  2022-04-16 03:18:18 INFO  DentistController:61 - Se intenta buscar la lista completa de Dentists en la base de datos
  2022-04-16 03:18:18 INFO  DentistController:28 - Dentist con el id 31 buscado en la base de datos
  2022-04-16 03:18:18 INFO  DentistController:61 - Se intenta buscar la lista completa de Dentists en la base de datos
  2022-04-16 03:18:29 INFO  DentistController:52 - Se intenta actualizar el Dentist con el id 31 en la base de datos
  2022-04-16 03:18:29 INFO  DentistController:61 - Se intenta buscar la lista completa de Dentists en la base de datos
  2022-04-16 03:19:23 INFO  DentistController:61 - Se intenta buscar la lista completa de Dentists en la base de datos
  2022-04-16 03:19:23 INFO  DentistController:61 - Se intenta buscar la lista completa de Dentists en la base de datos
  2022-04-16 03:19:36 INFO  DentistController:36 - Dentist con el id 33 creado en la base de datos
  2022-04-16 03:19:36 INFO  DentistController:61 - Se intenta buscar la lista completa de Dentists en la base de datos
  2022-04-16 03:19:50 INFO  DentistController:61 - Se intenta buscar la lista completa de Dentists en la base de datos
  2022-04-16 03:19:50 INFO  DentistController:28 - Dentist con el id 33 buscado en la base de datos
  2022-04-16 03:19:50 INFO  DentistController:61 - Se intenta buscar la lista completa de Dentists en la base de datos
  2022-04-16 03:19:50 INFO  DentistController:28 - Dentist con el id 33 buscado en la base de datos
  2022-04-16 03:19:50 INFO  DentistController:61 - Se intenta buscar la lista completa de Dentists en la base de datos
  2022-04-16 03:20:02 INFO  DentistController:52 - Se intenta actualizar el Dentist con el id 33 en la base de datos
  2022-04-16 03:20:02 INFO  DentistController:61 - Se intenta buscar la lista completa de Dentists en la base de datos
  2022-04-16 03:20:10 WARN  DentistController:44 - Se intenta borrar el Dentist con el id 33 en la base de datos
  2022-04-16 03:20:10 INFO  DentistController:61 - Se intenta buscar la lista completa de Dentists en la base de datos
  2022-04-16 03:21:37 INFO  DentistController:61 - Se intenta buscar la lista completa de Dentists en la base de datos
  2022-04-16 03:21:37 INFO  DentistController:61 - Se intenta buscar la lista completa de Dentists en la base de datos
  2022-04-16 03:21:43 INFO  DentistController:61 - Se intenta buscar la lista completa de Dentists en la base de datos
  2022-04-16 03:21:43 INFO  DentistController:61 - Se intenta buscar la lista completa de Dentists en la base de datos
  2022-04-16 03:21:50 INFO  DentistController:36 - Dentist con el id 34 creado en la base de datos
  2022-04-16 03:21:51 INFO  DentistController:61 - Se intenta buscar la lista completa de Dentists en la base de datos
  2022-04-16 03:22:00 INFO  DentistController:28 - Dentist con el id 34 buscado en la base de datos
  2022-04-16 03:22:00 INFO  DentistController:28 - Dentist con el id 34 buscado en la base de datos
  2022-04-16 03:22:00 INFO  DentistController:61 - Se intenta buscar la lista completa de Dentists en la base de datos
  2022-04-16 03:22:00 INFO  DentistController:61 - Se intenta buscar la lista completa de Dentists en la base de datos
  2022-04-16 03:22:01 INFO  DentistController:61 - Se intenta buscar la lista completa de Dentists en la base de datos
  2022-04-16 03:22:01 INFO  DentistController:61 - Se intenta buscar la lista completa de Dentists en la base de datos
  2022-04-16 03:22:08 INFO  DentistController:52 - Se intenta actualizar el Dentist con el id 34 en la base de datos
  2022-04-16 03:22:08 INFO  DentistController:61 - Se intenta buscar la lista completa de Dentists en la base de datos
  2022-04-16 03:22:15 WARN  DentistController:44 - Se intenta borrar el Dentist con el id 34 en la base de datos
  2022-04-16 03:22:15 INFO  DentistController:61 - Se intenta buscar la lista completa de Dentists en la base de datos
  2022-04-16 03:22:57 INFO  DentistController:61 - Se intenta buscar la lista completa de Dentists en la base de datos
  2022-04-16 03:22:57 INFO  DentistController:61 - Se intenta buscar la lista completa de Dentists en la base de datos
  2022-04-16 03:22:57 INFO  DentistController:28 - Dentist con el id 32 buscado en la base de datos
  2022-04-16 03:22:57 INFO  DentistController:28 - Dentist con el id 32 buscado en la base de datos
  2022-04-16 03:22:57 INFO  DentistController:61 - Se intenta buscar la lista completa de Dentists en la base de datos
  2022-04-16 03:22:57 INFO  DentistController:61 - Se intenta buscar la lista completa de Dentists en la base de datos
  2022-04-16 03:23:03 INFO  DentistController:52 - Se intenta actualizar el Dentist con el id 32 en la base de datos
  2022-04-16 03:23:03 INFO  DentistController:61 - Se intenta buscar la lista completa de Dentists en la base de datos
  